<?xml version="1.0" encoding="UTF-8"?>
<testsuite xmlns:xsi="http://www.w3.org/2001/XMLSchema-instance" xsi:noNamespaceSchemaLocation="https://maven.apache.org/surefire/maven-surefire-plugin/xsd/surefire-test-report-3.0.xsd" version="3.0" name="TestRunner" time="6.536" tests="1" errors="0" skipped="0" failures="0">
  <properties>
[...]
</properties>
  <testcase name="Login test" classname="Login API test" time="5.232">
    <system-out><![CDATA[
@smoke
Scenario Outline: Login test                                           &amp#27;[90m# src/main/resources/Features/loginApi.feature:17&amp#27;[0m
  &amp#27;[32mGiven &amp#27;[0m&amp#27;[32mI prepare the Endpoint&amp#27;[0m                                         &amp#27;[90m# stepdefinitions.MyStepdefs.iPrepareTheEndpoint()&amp#27;[0m
  &amp#27;[32mWhen &amp#27;[0m&amp#27;[32mI set the content type as &amp#27;[0m&amp#27;[32m&amp#27;[1m"multipart/form-data"&amp#27;[0m                 &amp#27;[90m# stepdefinitions.MyStepdefs.iSetTheContentType(java.lang.String)&amp#27;[0m
  &amp#27;[32mAnd &amp#27;[0m&amp#27;[32mI enter the credentials as &amp#27;[0m&amp#27;[32m&amp#27;[1m"saurabh1@test.com"&amp#27;[0m&amp#27;[32m and &amp#27;[0m&amp#27;[32m&amp#27;[1m"Saurabh@123"&amp#27;[0m &amp#27;[90m# stepdefinitions.MyStepdefs.iEnterTheCredentialsAsAnd(java.lang.String,java.lang.String)&amp#27;[0m
  &amp#27;[32mAnd &amp#27;[0m&amp#27;[32mI hit the login API POST request&amp#27;[0m                                 &amp#27;[90m# stepdefinitions.MyStepdefs.iHitTheLoginAPIPOSTRequest()&amp#27;[0m
  &amp#27;[32mThen &amp#27;[0m&amp#27;[32mI fetch the access token&amp#27;[0m                                        &amp#27;[90m# stepdefinitions.MyStepdefs.iFetchTheAccessToken()&amp#27;[0m
  &amp#27;[32mAnd &amp#27;[0m&amp#27;[32mI verify that the login is successful&amp#27;[0m                            &amp#27;[90m# stepdefinitions.MyStepdefs.iVerifyThatTheLoginIsSuccessful()&amp#27;[0m
  &amp#27;[32mWhen &amp#27;[0m&amp#27;[32mI set the token&amp#27;[0m                                                 &amp#27;[90m# stepdefinitions.MyStepdefs.iSetTheToken()&amp#27;[0m
  &amp#27;[32mAnd &amp#27;[0m&amp#27;[32mI hit the Products Page GET API request&amp#27;[0m                          &amp#27;[90m# stepdefinitions.MyStepdefs.iHitTheProductsPageGETAPIRequest()&amp#27;[0m
Books Books Books
  &amp#27;[32mThen &amp#27;[0m&amp#27;[32mI verify that the Products are fetched successfully&amp#27;[0m             &amp#27;[90m# stepdefinitions.MyStepdefs.iVerifyThatTheProductsAreFetchedSuccessfully()&amp#27;[0m
]]></system-out>
  </testcase>
</testsuite>